0 info it worked if it ends with ok
1 verbose cli [ '/Users/spray/.nvm/versions/node/v6.10.0/bin/node',
1 verbose cli   '/Users/spray/.nvm/versions/node/v6.10.0/bin/npm',
1 verbose cli   'start' ]
2 info using npm@3.10.10
3 info using node@v6.10.0
4 verbose run-script [ 'prestart', 'start', 'poststart' ]
5 info lifecycle test-serve-static@1.0.0~prestart: test-serve-static@1.0.0
6 silly lifecycle test-serve-static@1.0.0~prestart: no script for prestart, continuing
7 info lifecycle test-serve-static@1.0.0~start: test-serve-static@1.0.0
8 verbose lifecycle test-serve-static@1.0.0~start: unsafe-perm in lifecycle true
9 verbose lifecycle test-serve-static@1.0.0~start: PATH: /Users/spray/.nvm/versions/node/v6.10.0/lib/node_modules/npm/bin/node-gyp-bin:/Users/spray/projects/test-serve-static/node_modules/.bin:/Users/spray/.nvm/versions/node/v6.10.0/bin:/usr/local/bin:/usr/bin:/bin:/usr/sbin:/sbin:/opt/Ghostscript/bin:/opt/ImageMagick/bin:/usr/local/maven/apache-maven-3.5.0/bin
10 verbose lifecycle test-serve-static@1.0.0~start: CWD: /Users/spray/projects/test-serve-static
11 silly lifecycle test-serve-static@1.0.0~start: Args: [ '-c', 'node index.js' ]
12 silly lifecycle test-serve-static@1.0.0~start: Returned: code: 1  signal: null
13 info lifecycle test-serve-static@1.0.0~start: Failed to exec start script
14 verbose stack Error: test-serve-static@1.0.0 start: `node index.js`
14 verbose stack Exit status 1
14 verbose stack     at EventEmitter.<anonymous> (/Users/spray/.nvm/versions/node/v6.10.0/lib/node_modules/npm/lib/utils/lifecycle.js:255:16)
14 verbose stack     at emitTwo (events.js:106:13)
14 verbose stack     at EventEmitter.emit (events.js:191:7)
14 verbose stack     at ChildProcess.<anonymous> (/Users/spray/.nvm/versions/node/v6.10.0/lib/node_modules/npm/lib/utils/spawn.js:40:14)
14 verbose stack     at emitTwo (events.js:106:13)
14 verbose stack     at ChildProcess.emit (events.js:191:7)
14 verbose stack     at maybeClose (internal/child_process.js:877:16)
14 verbose stack     at Process.ChildProcess._handle.onexit (internal/child_process.js:226:5)
15 verbose pkgid test-serve-static@1.0.0
16 verbose cwd /Users/spray/projects/test-serve-static
17 error Darwin 17.2.0
18 error argv "/Users/spray/.nvm/versions/node/v6.10.0/bin/node" "/Users/spray/.nvm/versions/node/v6.10.0/bin/npm" "start"
19 error node v6.10.0
20 error npm  v3.10.10
21 error code ELIFECYCLE
22 error test-serve-static@1.0.0 start: `node index.js`
22 error Exit status 1
23 error Failed at the test-serve-static@1.0.0 start script 'node index.js'.
23 error Make sure you have the latest version of node.js and npm installed.
23 error If you do, this is most likely a problem with the test-serve-static package,
23 error not with npm itself.
23 error Tell the author that this fails on your system:
23 error     node index.js
23 error You can get information on how to open an issue for this project with:
23 error     npm bugs test-serve-static
23 error Or if that isn't available, you can get their info via:
23 error     npm owner ls test-serve-static
23 error There is likely additional logging output above.
24 verbose exit [ 1, true ]
